<?xml version="1.0" encoding="UTF-8"?>
<testsuite xmlns:xsi="http://www.w3.org/2001/XMLSchema-instance" xsi:noNamespaceSchemaLocation="https://maven.apache.org/surefire/maven-surefire-plugin/xsd/surefire-test-report-3.0.xsd" version="3.0" name="de.openknowledge.sample.address.AddressValidationServiceTest" time="4.273" tests="2" errors="0" skipped="0" failures="0">
  <properties>
[...]
</properties>
  <testcase name="pactVerificationTestTemplate(PactVerificationContext)[1]" classname="de.openknowledge.sample.address.AddressValidationServiceTest" time="1.051">
    <system-out><![CDATA[[15:39:20.690][&amp#27;[32mINFO &amp#27;[m][           main][oyote.http11.Http11NioProtocol] Initializing ProtocolHandler ["http-nio-54566"]
[15:39:20.699][&amp#27;[32mINFO &amp#27;[m][           main][.catalina.core.StandardService] Starting service [Tomcat]
[15:39:20.699][&amp#27;[32mINFO &amp#27;[m][           main][e.catalina.core.StandardEngine] Starting Servlet engine: [Apache Tomcat/9.0.56]
[15:39:20.704][&amp#27;[32mINFO &amp#27;[m][           main][oyote.http11.Http11NioProtocol] Starting ProtocolHandler ["http-nio-54566"]
[15:39:20.717][&amp#27;[32mINFO &amp#27;[m][           main][g.apache.meecrowave.Meecrowave] --------------- http://localhost:54566
[15:39:21.916][&amp#27;[32mINFO &amp#27;[m][           main][ans.OWBTomcatWebScannerService] OpenWebBeans scanning:
[15:39:21.918][&amp#27;[32mINFO &amp#27;[m][           main][ans.OWBTomcatWebScannerService]     ${maven}/ST4-4.3.jar
[15:39:21.918][&amp#27;[32mINFO &amp#27;[m][           main][ans.OWBTomcatWebScannerService]     ${maven}/annotations-13.0.jar
[15:39:21.918][&amp#27;[32mINFO &amp#27;[m][           main][ans.OWBTomcatWebScannerService]     ${maven}/annotations-4.1.1.4.jar
[15:39:21.918][&amp#27;[32mINFO &amp#27;[m][           main][ans.OWBTomcatWebScannerService]     ${maven}/antlr4-4.9.2.jar
[15:39:21.918][&amp#27;[32mINFO &amp#27;[m][           main][ans.OWBTomcatWebScannerService]     ${maven}/antlr4-runtime-4.9.2.jar
[15:39:21.918][&amp#27;[32mINFO &amp#27;[m][           main][ans.OWBTomcatWebScannerService]     ${maven}/assertj-core-3.22.0.jar
[15:39:21.918][&amp#27;[32mINFO &amp#27;[m][           main][ans.OWBTomcatWebScannerService]     ${maven}/automaton-1.11-8.jar
[15:39:21.918][&amp#27;[32mINFO &amp#27;[m][           main][ans.OWBTomcatWebScannerService]     ${maven}/classgraph-4.8.129.jar
[15:39:21.918][&amp#27;[32mINFO &amp#27;[m][           main][ans.OWBTomcatWebScannerService]     ${maven}/colormath-1.2.0.jar
[15:39:21.918][&amp#27;[32mINFO &amp#27;[m][           main][ans.OWBTomcatWebScannerService]     ${maven}/commons-collections4-4.4.jar
[15:39:21.918][&amp#27;[32mINFO &amp#27;[m][           main][ans.OWBTomcatWebScannerService]     ${maven}/core-0.0.9.jar
[15:39:21.919][&amp#27;[32mINFO &amp#27;[m][           main][ans.OWBTomcatWebScannerService]     ${maven}/cxf-integration-cdi-3.4.5.jar
[15:39:21.919][&amp#27;[32mINFO &amp#27;[m][           main][ans.OWBTomcatWebScannerService]     ${maven}/diffutils-1.3.0.jar
[15:39:21.919][&amp#27;[32mINFO &amp#27;[m][           main][ans.OWBTomcatWebScannerService]     ${maven}/evo-inflector-1.3.jar
[15:39:21.919][&amp#27;[32mINFO &amp#27;[m][           main][ans.OWBTomcatWebScannerService]     ${maven}/flexmark-0.62.2.jar
[15:39:21.919][&amp#27;[32mINFO &amp#27;[m][           main][ans.OWBTomcatWebScannerService]     ${maven}/flexmark-ext-tables-0.62.2.jar
[15:39:21.919][&amp#27;[32mINFO &amp#27;[m][           main][ans.OWBTomcatWebScannerService]     ${maven}/flexmark-util-0.62.2.jar
[15:39:21.919][&amp#27;[32mINFO &amp#27;[m][           main][ans.OWBTomcatWebScannerService]     ${maven}/flexmark-util-ast-0.62.2.jar
[15:39:21.919][&amp#27;[32mINFO &amp#27;[m][           main][ans.OWBTomcatWebScannerService]     ${maven}/flexmark-util-builder-0.62.2.jar
[15:39:21.919][&amp#27;[32mINFO &amp#27;[m][           main][ans.OWBTomcatWebScannerService]     ${maven}/flexmark-util-collection-0.62.2.jar
[15:39:21.919][&amp#27;[32mINFO &amp#27;[m][           main][ans.OWBTomcatWebScannerService]     ${maven}/flexmark-util-data-0.62.2.jar
[15:39:21.919][&amp#27;[32mINFO &amp#27;[m][           main][ans.OWBTomcatWebScannerService]     ${maven}/flexmark-util-dependency-0.62.2.jar
[15:39:21.919][&amp#27;[32mINFO &amp#27;[m][           main][ans.OWBTomcatWebScannerService]     ${maven}/flexmark-util-format-0.62.2.jar
[15:39:21.919][&amp#27;[32mINFO &amp#27;[m][           main][ans.OWBTomcatWebScannerService]     ${maven}/flexmark-util-html-0.62.2.jar
[15:39:21.920][&amp#27;[32mINFO &amp#27;[m][           main][ans.OWBTomcatWebScannerService]     ${maven}/flexmark-util-misc-0.62.2.jar
[15:39:21.920][&amp#27;[32mINFO &amp#27;[m][           main][ans.OWBTomcatWebScannerService]     ${maven}/flexmark-util-options-0.62.2.jar
[15:39:21.920][&amp#27;[32mINFO &amp#27;[m][           main][ans.OWBTomcatWebScannerService]     ${maven}/flexmark-util-sequence-0.62.2.jar
[15:39:21.920][&amp#27;[32mINFO &amp#27;[m][           main][ans.OWBTomcatWebScannerService]     ${maven}/flexmark-util-visitor-0.62.2.jar
[15:39:21.920][&amp#27;[32mINFO &amp#27;[m][           main][ans.OWBTomcatWebScannerService]     ${maven}/generex-1.0.2.jar
[15:39:21.920][&amp#27;[32mINFO &amp#27;[m][           main][ans.OWBTomcatWebScannerService]     ${maven}/grpc-api-1.42.0.jar
[15:39:21.920][&amp#27;[32mINFO &amp#27;[m][           main][ans.OWBTomcatWebScannerService]     ${maven}/grpc-context-1.42.0.jar
[15:39:21.920][&amp#27;[32mINFO &amp#27;[m][           main][ans.OWBTomcatWebScannerService]     ${maven}/grpc-core-1.42.0.jar
[15:39:21.920][&amp#27;[32mINFO &amp#27;[m][           main][ans.OWBTomcatWebScannerService]     ${maven}/grpc-netty-1.42.0.jar
[15:39:21.920][&amp#27;[32mINFO &amp#27;[m][           main][ans.OWBTomcatWebScannerService]     ${maven}/grpc-protobuf-1.42.0.jar
[15:39:21.920][&amp#27;[32mINFO &amp#27;[m][           main][ans.OWBTomcatWebScannerService]     ${maven}/grpc-protobuf-lite-1.42.0.jar
[15:39:21.920][&amp#27;[32mINFO &amp#27;[m][           main][ans.OWBTomcatWebScannerService]     ${maven}/grpc-stub-1.42.0.jar
[15:39:21.920][&amp#27;[32mINFO &amp#27;[m][           main][ans.OWBTomcatWebScannerService]     ${maven}/httpclient5-5.1.jar
[15:39:21.920][&amp#27;[32mINFO &amp#27;[m][           main][ans.OWBTomcatWebScannerService]     ${maven}/httpclient5-fluent-5.1.jar
[15:39:21.921][&amp#27;[32mINFO &amp#27;[m][           main][ans.OWBTomcatWebScannerService]     ${maven}/httpcore5-5.1.1.jar
[15:39:21.921][&amp#27;[32mINFO &amp#27;[m][           main][ans.OWBTomcatWebScannerService]     ${maven}/httpcore5-h2-5.1.1.jar
[15:39:21.921][&amp#27;[32mINFO &amp#27;[m][           main][ans.OWBTomcatWebScannerService]     ${maven}/jakarta.activation-api-1.2.2.jar
[15:39:21.921][&amp#27;[32mINFO &amp#27;[m][           main][ans.OWBTomcatWebScannerService]     ${maven}/jakarta.xml.bind-api-2.3.3.jar
[15:39:21.921][&amp#27;[32mINFO &amp#27;[m][           main][ans.OWBTomcatWebScannerService]     ${maven}/java-semver-0.9.0.jar
[15:39:21.921][&amp#27;[32mINFO &amp#27;[m][           main][ans.OWBTomcatWebScannerService]     ${maven}/kotlin-logging-jvm-2.0.10.jar
[15:39:21.921][&amp#27;[32mINFO &amp#27;[m][           main][ans.OWBTomcatWebScannerService]     ${maven}/kotlin-reflect-1.5.31.jar
[15:39:21.921][&amp#27;[32mINFO &amp#27;[m][           main][ans.OWBTomcatWebScannerService]     ${maven}/kotlin-result-jvm-1.1.12.jar
[15:39:21.921][&amp#27;[32mINFO &amp#27;[m][           main][ans.OWBTomcatWebScannerService]     ${maven}/kotlin-stdlib-1.5.31.jar
[15:39:21.921][&amp#27;[32mINFO &amp#27;[m][           main][ans.OWBTomcatWebScannerService]     ${maven}/kotlin-stdlib-common-1.5.31.jar
[15:39:21.921][&amp#27;[32mINFO &amp#27;[m][           main][ans.OWBTomcatWebScannerService]     ${maven}/kotlin-stdlib-jdk7-1.5.10.jar
[15:39:21.921][&amp#27;[32mINFO &amp#27;[m][           main][ans.OWBTomcatWebScannerService]     ${maven}/kotlin-stdlib-jdk8-1.5.31.jar
[15:39:21.922][&amp#27;[32mINFO &amp#27;[m][           main][ans.OWBTomcatWebScannerService]     ${maven}/kotlinx-coroutines-core-jvm-1.5.0-native-mt.jar
[15:39:21.922][&amp#27;[32mINFO &amp#27;[m][           main][ans.OWBTomcatWebScannerService]     ${maven}/ktor-http-jvm-1.6.1.jar
[15:39:21.922][&amp#27;[32mINFO &amp#27;[m][           main][ans.OWBTomcatWebScannerService]     ${maven}/ktor-io-jvm-1.6.1.jar
[15:39:21.922][&amp#27;[32mINFO &amp#27;[m][           main][ans.OWBTomcatWebScannerService]     ${maven}/ktor-utils-jvm-1.6.1.jar
[15:39:21.922][&amp#27;[32mINFO &amp#27;[m][           main][ans.OWBTomcatWebScannerService]     ${maven}/mail-1.5.0-b01.jar
[15:39:21.922][&amp#27;[32mINFO &amp#27;[m][           main][ans.OWBTomcatWebScannerService]     ${maven}/matchers-4.3.5.jar
[15:39:21.922][&amp#27;[32mINFO &amp#27;[m][           main][ans.OWBTomcatWebScannerService]     ${maven}/meecrowave-core-1.2.13.jar
[15:39:21.922][&amp#27;[32mINFO &amp#27;[m][           main][ans.OWBTomcatWebScannerService]     ${maven}/meecrowave-junit-1.2.13.jar
[15:39:21.922][&amp#27;[32mINFO &amp#27;[m][           main][ans.OWBTomcatWebScannerService]     ${maven}/model-4.3.5.jar
[15:39:21.922][&amp#27;[32mINFO &amp#27;[m][           main][ans.OWBTomcatWebScannerService]     ${maven}/mordant-1.2.1.jar
[15:39:21.922][&amp#27;[32mINFO &amp#27;[m][           main][ans.OWBTomcatWebScannerService]     ${maven}/org.abego.treelayout.core-1.0.3.jar
[15:39:21.922][&amp#27;[32mINFO &amp#27;[m][           main][ans.OWBTomcatWebScannerService]     ${maven}/pactbroker-4.3.5.jar
[15:39:21.922][&amp#27;[32mINFO &amp#27;[m][           main][ans.OWBTomcatWebScannerService]     ${maven}/perfmark-api-0.23.0.jar
[15:39:21.923][&amp#27;[32mINFO &amp#27;[m][           main][ans.OWBTomcatWebScannerService]     ${maven}/proto-google-common-protos-2.0.1.jar
[15:39:21.923][&amp#27;[32mINFO &amp#27;[m][           main][ans.OWBTomcatWebScannerService]     ${maven}/protobuf-java-3.17.2.jar
[15:39:21.923][&amp#27;[32mINFO &amp#27;[m][           main][ans.OWBTomcatWebScannerService]     ${maven}/provider-4.3.5.jar
[15:39:21.923][&amp#27;[32mINFO &amp#27;[m][           main][ans.OWBTomcatWebScannerService]     ${maven}/semver4j-3.1.0.jar
[15:39:21.923][&amp#27;[32mINFO &amp#27;[m][           main][ans.OWBTomcatWebScannerService]     ${maven}/support-4.3.5.jar
[15:39:21.923][&amp#27;[32mINFO &amp#27;[m][           main][ans.OWBTomcatWebScannerService]     ${maven}/tika-core-1.27.jar
[15:39:21.923][&amp#27;[32mINFO &amp#27;[m][           main][ans.OWBTomcatWebScannerService]     /Users/arne/Documents/presentations/git/workshops/workshop-consumer-driven-contract-testing-workspace/workshop-consumer-driven-contract-testing/apps/address-validation-service/target/classes/
[15:39:21.923][&amp#27;[32mINFO &amp#27;[m][           main][ans.OWBTomcatWebScannerService]     /Users/arne/Documents/presentations/git/workshops/workshop-consumer-driven-contract-testing-workspace/workshop-consumer-driven-contract-testing/apps/address-validation-service/target/test-classes/
[15:39:22.156][&amp#27;[32mINFO &amp#27;[m][           main][ifecycle.WebContainerLifecycle] OpenWebBeans Container is starting...
[15:39:22.322][&amp#27;[32mINFO &amp#27;[m][           main][.webbeans.config.BeansDeployer] All injection points were validated successfully.
[15:39:22.420][&amp#27;[32mINFO &amp#27;[m][           main][apache.cxf.endpoint.ServerImpl] Setting the server's publish address to be /
[15:39:22.455][&amp#27;[32mINFO &amp#27;[m][           main][ifecycle.WebContainerLifecycle] OpenWebBeans Container has started, it took [298] ms.
[15:39:22.493][&amp#27;[32mINFO &amp#27;[m][           main][meecrowave.cxf.CxfCdiAutoSetup] REST Application: / -> org.apache.cxf.cdi.DefaultApplication
[15:39:22.494][&amp#27;[32mINFO &amp#27;[m][           main][meecrowave.cxf.CxfCdiAutoSetup]      Service URI: /valid-addresses -> de.openknowledge.sample.address.application.AddressResource
[15:39:22.495][&amp#27;[32mINFO &amp#27;[m][           main][meecrowave.cxf.CxfCdiAutoSetup]              POST /valid-addresses ->      Response validateAddress(Address, UriInfo) throws URISyntaxException

Verifying a pact between delivery-service and address-validation-service
  [Using File src/test/pacts/delivery-service-address-validation-service.json]
  Given Three customers
  POST request for Max's address
    returns a response which
      has status code 200 (OK)
      has a matching body (OK)
]]></system-out>
    <system-err><![CDATA[SLF4J: Failed to load class "org.slf4j.impl.StaticLoggerBinder".
SLF4J: Defaulting to no-operation (NOP) logger implementation
SLF4J: See http://www.slf4j.org/codes.html#StaticLoggerBinder for further details.
Sep. 25, 2023 3:39:24 NACHM. de.openknowledge.sample.address.application.AddressResource validateAddress
INFO: RESTful call 'POST valid address'
Sep. 25, 2023 3:39:24 NACHM. de.openknowledge.sample.address.domain.AddressRepository initialize
INFO: address validation repository initialized with 8858 cities: 
]]></system-err>
  </testcase>
  <testcase name="pactVerificationTestTemplate(PactVerificationContext)[2]" classname="de.openknowledge.sample.address.AddressValidationServiceTest" time="0.062">
    <system-out><![CDATA[
Verifying a pact between delivery-service and address-validation-service
  [Using File src/test/pacts/delivery-service-address-validation-service.json]
  Given Three customers
  POST request for Sherlock's address
    returns a response which
      has status code 400 (OK)
      has a matching body (OK)
]]></system-out>
    <system-err><![CDATA[Sep. 25, 2023 3:39:24 NACHM. de.openknowledge.sample.address.application.AddressResource validateAddress
INFO: RESTful call 'POST valid address'
]]></system-err>
  </testcase>
</testsuite>